<?xml version="1.0" encoding="UTF-8"?>
<testsuite name="Test Utest" tests="1" skipped="0" failures="0" errors="0" timestamp="2021-05-29T20:58:15" hostname="DESKTOP-DJ8IF6V" time="27.982">
  <properties/>
  <testcase name="New user registration" classname="Test Utest" time="27.982"/>
  <system-out><![CDATA[]]></system-out>
  <system-err><![CDATA[[Test worker] WARN net.thucydides.core.steps.BaseStepListener - stepStarted: net.thucydides.core.steps.ExecutedStepDescription@331c3c9
[Test worker] WARN net.thucydides.core.steps.BaseStepListener - stepStarted: net.thucydides.core.steps.ExecutedStepDescription@3ec83f5
[Test worker] WARN net.thucydides.core.steps.BaseStepListener - stepStarted: net.thucydides.core.steps.ExecutedStepDescription@4c08d0c4
may. 29, 2021 3:58:16 P. M. org.openqa.selenium.remote.DesiredCapabilities chrome
INFORMACIÓN: Using `new ChromeOptions()` is preferred to `DesiredCapabilities.chrome()`
[Test worker] INFO net.serenitybdd.core.webdriver.driverproviders.ProvideNewDriver - Instantiating driver
[Test worker] INFO net.serenitybdd.core.webdriver.driverproviders.ProvideNewDriver - Driver capabilities: Capabilities {acceptInsecureCerts: false, browserName: chrome, chrome.switches: --start-maximized, goog:chromeOptions: {args: [--start-maximized], extensions: []}, loggingPrefs: org.openqa.selenium.logging..., platform: ANY, version: }
Starting ChromeDriver 90.0.4430.24 (4c6d850f087da467d926e8eddb76550aed655991-refs/branch-heads/4430@{#429}) on port 11681
Only local connections are allowed.
Please see https://chromedriver.chromium.org/security-considerations for suggestions on keeping ChromeDriver safe.
ChromeDriver was started successfully.
[1622321898.125][WARNING]: This version of ChromeDriver has not been tested with Chrome version 91.
may. 29, 2021 3:58:18 P. M. org.openqa.selenium.remote.ProtocolHandshake createSession
INFORMACIÓN: Detected dialect: W3C
[Test worker] WARN net.thucydides.core.steps.BaseStepListener - stepFinished: current outcome:New user registration:Given Juan wants to register as a new user on the utes page [Juan open up [Juan opens the Utest page]]
[Test worker] WARN net.thucydides.core.steps.BaseStepListener - stepFinished: current outcome:New user registration:Given Juan wants to register as a new user on the utes page [Juan open up [Juan opens the Utest page]]
[Test worker] WARN net.thucydides.core.steps.BaseStepListener - stepFinished: current outcome:New user registration:Given Juan wants to register as a new user on the utes page [Juan open up [Juan opens the Utest page]]
[Test worker] WARN net.thucydides.core.steps.BaseStepListener - stepStarted: net.thucydides.core.steps.ExecutedStepDescription@60530aae
[Test worker] WARN net.thucydides.core.steps.BaseStepListener - stepStarted: net.thucydides.core.steps.ExecutedStepDescription@5d4c62c5
[Test worker] WARN net.thucydides.core.steps.BaseStepListener - stepStarted: net.thucydides.core.steps.ExecutedStepDescription@26953551
[Test worker] WARN net.thucydides.core.steps.BaseStepListener - stepFinished: current outcome:New user registration:Given Juan wants to register as a new user on the utes page [Juan open up [Juan opens the Utest page]], When he the registration form for new users
| name | lastName | emailAddress | month | day | year | city | postalCode | country | computer | version | language | mobileDevice | model | os | password | confirPassword |
| Juan | Perez | juanperez1008@gmail.com | April | 8 | 2001 | Barranquilla | 080011 | Albania | Windows | 10 | Spanish | Apple | iPhone 11 | iOS 14 | Molina0893 | Molina0893 | [Juan register [Juan clicks on button that shows us the form to register]]
[Test worker] WARN net.thucydides.core.steps.BaseStepListener - stepStarted: net.thucydides.core.steps.ExecutedStepDescription@44674fed
[Test worker] WARN net.thucydides.core.steps.BaseStepListener - stepFinished: current outcome:New user registration:Given Juan wants to register as a new user on the utes page [Juan open up [Juan opens the Utest page]], When he the registration form for new users
| name | lastName | emailAddress | month | day | year | city | postalCode | country | computer | version | language | mobileDevice | model | os | password | confirPassword |
| Juan | Perez | juanperez1008@gmail.com | April | 8 | 2001 | Barranquilla | 080011 | Albania | Windows | 10 | Spanish | Apple | iPhone 11 | iOS 14 | Molina0893 | Molina0893 | [Juan register [Juan clicks on button that shows us the form to register, Juan enters 'Juan' into where do we write the name]]
[Test worker] WARN net.thucydides.core.steps.BaseStepListener - stepStarted: net.thucydides.core.steps.ExecutedStepDescription@5c1757f9
[Test worker] WARN net.thucydides.core.steps.BaseStepListener - stepFinished: current outcome:New user registration:Given Juan wants to register as a new user on the utes page [Juan open up [Juan opens the Utest page]], When he the registration form for new users
| name | lastName | emailAddress | month | day | year | city | postalCode | country | computer | version | language | mobileDevice | model | os | password | confirPassword |
| Juan | Perez | juanperez1008@gmail.com | April | 8 | 2001 | Barranquilla | 080011 | Albania | Windows | 10 | Spanish | Apple | iPhone 11 | iOS 14 | Molina0893 | Molina0893 | [Juan register [Juan clicks on button that shows us the form to register, Juan enters 'Juan' into where do we write the name, Juan enters 'Perez' into where do we write the lastname]]
[Test worker] WARN net.thucydides.core.steps.BaseStepListener - stepStarted: net.thucydides.core.steps.ExecutedStepDescription@4581e580
[Test worker] WARN net.thucydides.core.steps.BaseStepListener - stepFinished: current outcome:New user registration:Given Juan wants to register as a new user on the utes page [Juan open up [Juan opens the Utest page]], When he the registration form for new users
| name | lastName | emailAddress | month | day | year | city | postalCode | country | computer | version | language | mobileDevice | model | os | password | confirPassword |
| Juan | Perez | juanperez1008@gmail.com | April | 8 | 2001 | Barranquilla | 080011 | Albania | Windows | 10 | Spanish | Apple | iPhone 11 | iOS 14 | Molina0893 | Molina0893 | [Juan register [Juan clicks on button that shows us the form to register, Juan enters 'Juan' into where do we write the name, Juan enters 'Perez' into where do we write the lastname, Juan enters 'juanperez1008@gmail.com' into where do we write the email]]
[Test worker] WARN net.thucydides.core.steps.BaseStepListener - stepStarted: net.thucydides.core.steps.ExecutedStepDescription@1f9f7fca
[Test worker] WARN net.thucydides.core.steps.BaseStepListener - stepFinished: current outcome:New user registration:Given Juan wants to register as a new user on the utes page [Juan open up [Juan opens the Utest page]], When he the registration form for new users
| name | lastName | emailAddress | month | day | year | city | postalCode | country | computer | version | language | mobileDevice | model | os | password | confirPassword |
| Juan | Perez | juanperez1008@gmail.com | April | 8 | 2001 | Barranquilla | 080011 | Albania | Windows | 10 | Spanish | Apple | iPhone 11 | iOS 14 | Molina0893 | Molina0893 | [Juan register [Juan clicks on button that shows us the form to register, Juan enters 'Juan' into where do we write the name, Juan enters 'Perez' into where do we write the lastname, Juan enters 'juanperez1008@gmail.com' into where do we write the email, Juan clicks on button that shows us the form to register]]
[Test worker] WARN net.thucydides.core.steps.BaseStepListener - stepStarted: net.thucydides.core.steps.ExecutedStepDescription@527550cc
[Test worker] WARN net.thucydides.core.steps.BaseStepListener - stepFinished: current outcome:New user registration:Given Juan wants to register as a new user on the utes page [Juan open up [Juan opens the Utest page]], When he the registration form for new users
| name | lastName | emailAddress | month | day | year | city | postalCode | country | computer | version | language | mobileDevice | model | os | password | confirPassword |
| Juan | Perez | juanperez1008@gmail.com | April | 8 | 2001 | Barranquilla | 080011 | Albania | Windows | 10 | Spanish | Apple | iPhone 11 | iOS 14 | Molina0893 | Molina0893 | [Juan register [Juan clicks on button that shows us the form to register, Juan enters 'Juan' into where do we write the name, Juan enters 'Perez' into where do we write the lastname, Juan enters 'juanperez1008@gmail.com' into where do we write the email, Juan clicks on button that shows us the form to register, Juan clicks on button that shows us the form to register]]
[Test worker] WARN net.thucydides.core.steps.BaseStepListener - stepStarted: net.thucydides.core.steps.ExecutedStepDescription@335e70ca
[Test worker] WARN net.thucydides.core.steps.BaseStepListener - stepFinished: current outcome:New user registration:Given Juan wants to register as a new user on the utes page [Juan open up [Juan opens the Utest page]], When he the registration form for new users
| name | lastName | emailAddress | month | day | year | city | postalCode | country | computer | version | language | mobileDevice | model | os | password | confirPassword |
| Juan | Perez | juanperez1008@gmail.com | April | 8 | 2001 | Barranquilla | 080011 | Albania | Windows | 10 | Spanish | Apple | iPhone 11 | iOS 14 | Molina0893 | Molina0893 | [Juan register [Juan clicks on button that shows us the form to register, Juan enters 'Juan' into where do we write the name, Juan enters 'Perez' into where do we write the lastname, Juan enters 'juanperez1008@gmail.com' into where do we write the email, Juan clicks on button that shows us the form to register, Juan clicks on button that shows us the form to register, Juan clicks on button that shows us the form to register]]
[Test worker] WARN net.thucydides.core.steps.BaseStepListener - stepStarted: net.thucydides.core.steps.ExecutedStepDescription@780c328c
[Test worker] WARN net.thucydides.core.steps.BaseStepListener - stepFinished: current outcome:New user registration:Given Juan wants to register as a new user on the utes page [Juan open up [Juan opens the Utest page]], When he the registration form for new users
| name | lastName | emailAddress | month | day | year | city | postalCode | country | computer | version | language | mobileDevice | model | os | password | confirPassword |
| Juan | Perez | juanperez1008@gmail.com | April | 8 | 2001 | Barranquilla | 080011 | Albania | Windows | 10 | Spanish | Apple | iPhone 11 | iOS 14 | Molina0893 | Molina0893 | [Juan register [Juan clicks on button that shows us the form to register, Juan enters 'Juan' into where do we write the name, Juan enters 'Perez' into where do we write the lastname, Juan enters 'juanperez1008@gmail.com' into where do we write the email, Juan clicks on button that shows us the form to register, Juan clicks on button that shows us the form to register, Juan clicks on button that shows us the form to register, Juan clicks on where to next step]]
[Test worker] WARN net.thucydides.core.steps.BaseStepListener - stepStarted: net.thucydides.core.steps.ExecutedStepDescription@1b162975
[Test worker] WARN net.thucydides.core.steps.BaseStepListener - stepFinished: current outcome:New user registration:Given Juan wants to register as a new user on the utes page [Juan open up [Juan opens the Utest page]], When he the registration form for new users
| name | lastName | emailAddress | month | day | year | city | postalCode | country | computer | version | language | mobileDevice | model | os | password | confirPassword |
| Juan | Perez | juanperez1008@gmail.com | April | 8 | 2001 | Barranquilla | 080011 | Albania | Windows | 10 | Spanish | Apple | iPhone 11 | iOS 14 | Molina0893 | Molina0893 | [Juan register [Juan clicks on button that shows us the form to register, Juan enters 'Juan' into where do we write the name, Juan enters 'Perez' into where do we write the lastname, Juan enters 'juanperez1008@gmail.com' into where do we write the email, Juan clicks on button that shows us the form to register, Juan clicks on button that shows us the form to register, Juan clicks on button that shows us the form to register, Juan clicks on where to next step, Juan enters 'Barranquilla' into where do we write the name]]
[Test worker] WARN net.thucydides.core.steps.BaseStepListener - stepStarted: net.thucydides.core.steps.ExecutedStepDescription@7adb6c2e
[Test worker] WARN net.thucydides.core.steps.BaseStepListener - stepFinished: current outcome:New user registration:Given Juan wants to register as a new user on the utes page [Juan open up [Juan opens the Utest page]], When he the registration form for new users
| name | lastName | emailAddress | month | day | year | city | postalCode | country | computer | version | language | mobileDevice | model | os | password | confirPassword |
| Juan | Perez | juanperez1008@gmail.com | April | 8 | 2001 | Barranquilla | 080011 | Albania | Windows | 10 | Spanish | Apple | iPhone 11 | iOS 14 | Molina0893 | Molina0893 | [Juan register [Juan clicks on button that shows us the form to register, Juan enters 'Juan' into where do we write the name, Juan enters 'Perez' into where do we write the lastname, Juan enters 'juanperez1008@gmail.com' into where do we write the email, Juan clicks on button that shows us the form to register, Juan clicks on button that shows us the form to register, Juan clicks on button that shows us the form to register, Juan clicks on where to next step, Juan enters 'Barranquilla' into where do we write the name, Juan enters '080011' into where do we write the name]]
[Test worker] WARN net.thucydides.core.steps.BaseStepListener - stepStarted: net.thucydides.core.steps.ExecutedStepDescription@49266a33
[Test worker] WARN net.thucydides.core.steps.BaseStepListener - stepFinished: current outcome:New user registration:Given Juan wants to register as a new user on the utes page [Juan open up [Juan opens the Utest page]], When he the registration form for new users
| name | lastName | emailAddress | month | day | year | city | postalCode | country | computer | version | language | mobileDevice | model | os | password | confirPassword |
| Juan | Perez | juanperez1008@gmail.com | April | 8 | 2001 | Barranquilla | 080011 | Albania | Windows | 10 | Spanish | Apple | iPhone 11 | iOS 14 | Molina0893 | Molina0893 | [Juan register [Juan clicks on button that shows us the form to register, Juan enters 'Juan' into where do we write the name, Juan enters 'Perez' into where do we write the lastname, Juan enters 'juanperez1008@gmail.com' into where do we write the email, Juan clicks on button that shows us the form to register, Juan clicks on button that shows us the form to register, Juan clicks on button that shows us the form to register, Juan clicks on where to next step, Juan enters 'Barranquilla' into where do we write the name, Juan enters '080011' into where do we write the name, Juan clicks on button that shows us the form to register]]
[Test worker] WARN net.thucydides.core.steps.BaseStepListener - stepStarted: net.thucydides.core.steps.ExecutedStepDescription@a2dffe9
[Test worker] WARN net.thucydides.core.steps.BaseStepListener - stepFinished: current outcome:New user registration:Given Juan wants to register as a new user on the utes page [Juan open up [Juan opens the Utest page]], When he the registration form for new users
| name | lastName | emailAddress | month | day | year | city | postalCode | country | computer | version | language | mobileDevice | model | os | password | confirPassword |
| Juan | Perez | juanperez1008@gmail.com | April | 8 | 2001 | Barranquilla | 080011 | Albania | Windows | 10 | Spanish | Apple | iPhone 11 | iOS 14 | Molina0893 | Molina0893 | [Juan register [Juan clicks on button that shows us the form to register, Juan enters 'Juan' into where do we write the name, Juan enters 'Perez' into where do we write the lastname, Juan enters 'juanperez1008@gmail.com' into where do we write the email, Juan clicks on button that shows us the form to register, Juan clicks on button that shows us the form to register, Juan clicks on button that shows us the form to register, Juan clicks on where to next step, Juan enters 'Barranquilla' into where do we write the name, Juan enters '080011' into where do we write the name, Juan clicks on button that shows us the form to register, Juan clicks on button that shows us the form to register]]
[Test worker] WARN net.thucydides.core.steps.BaseStepListener - stepStarted: net.thucydides.core.steps.ExecutedStepDescription@5113c54
[Test worker] WARN net.thucydides.core.steps.BaseStepListener - stepFinished: current outcome:New user registration:Given Juan wants to register as a new user on the utes page [Juan open up [Juan opens the Utest page]], When he the registration form for new users
| name | lastName | emailAddress | month | day | year | city | postalCode | country | computer | version | language | mobileDevice | model | os | password | confirPassword |
| Juan | Perez | juanperez1008@gmail.com | April | 8 | 2001 | Barranquilla | 080011 | Albania | Windows | 10 | Spanish | Apple | iPhone 11 | iOS 14 | Molina0893 | Molina0893 | [Juan register [Juan clicks on button that shows us the form to register, Juan enters 'Juan' into where do we write the name, Juan enters 'Perez' into where do we write the lastname, Juan enters 'juanperez1008@gmail.com' into where do we write the email, Juan clicks on button that shows us the form to register, Juan clicks on button that shows us the form to register, Juan clicks on button that shows us the form to register, Juan clicks on where to next step, Juan enters 'Barranquilla' into where do we write the name, Juan enters '080011' into where do we write the name, Juan clicks on button that shows us the form to register, Juan clicks on button that shows us the form to register, Juan clicks on where to next step]]
[Test worker] WARN net.thucydides.core.steps.BaseStepListener - stepStarted: net.thucydides.core.steps.ExecutedStepDescription@776902d4
[Test worker] WARN net.thucydides.core.steps.BaseStepListener - stepFinished: current outcome:New user registration:Given Juan wants to register as a new user on the utes page [Juan open up [Juan opens the Utest page]], When he the registration form for new users
| name | lastName | emailAddress | month | day | year | city | postalCode | country | computer | version | language | mobileDevice | model | os | password | confirPassword |
| Juan | Perez | juanperez1008@gmail.com | April | 8 | 2001 | Barranquilla | 080011 | Albania | Windows | 10 | Spanish | Apple | iPhone 11 | iOS 14 | Molina0893 | Molina0893 | [Juan register [Juan clicks on button that shows us the form to register, Juan enters 'Juan' into where do we write the name, Juan enters 'Perez' into where do we write the lastname, Juan enters 'juanperez1008@gmail.com' into where do we write the email, Juan clicks on button that shows us the form to register, Juan clicks on button that shows us the form to register, Juan clicks on button that shows us the form to register, Juan clicks on where to next step, Juan enters 'Barranquilla' into where do we write the name, Juan enters '080011' into where do we write the name, Juan clicks on button that shows us the form to register, Juan clicks on button that shows us the form to register, Juan clicks on where to next step, Juan clicks on button that shows us the form to register]]
[Test worker] WARN net.thucydides.core.steps.BaseStepListener - stepStarted: net.thucydides.core.steps.ExecutedStepDescription@455a7fdb
[Test worker] WARN net.thucydides.core.steps.BaseStepListener - stepFinished: current outcome:New user registration:Given Juan wants to register as a new user on the utes page [Juan open up [Juan opens the Utest page]], When he the registration form for new users
| name | lastName | emailAddress | month | day | year | city | postalCode | country | computer | version | language | mobileDevice | model | os | password | confirPassword |
| Juan | Perez | juanperez1008@gmail.com | April | 8 | 2001 | Barranquilla | 080011 | Albania | Windows | 10 | Spanish | Apple | iPhone 11 | iOS 14 | Molina0893 | Molina0893 | [Juan register [Juan clicks on button that shows us the form to register, Juan enters 'Juan' into where do we write the name, Juan enters 'Perez' into where do we write the lastname, Juan enters 'juanperez1008@gmail.com' into where do we write the email, Juan clicks on button that shows us the form to register, Juan clicks on button that shows us the form to register, Juan clicks on button that shows us the form to register, Juan clicks on where to next step, Juan enters 'Barranquilla' into where do we write the name, Juan enters '080011' into where do we write the name, Juan clicks on button that shows us the form to register, Juan clicks on button that shows us the form to register, Juan clicks on where to next step, Juan clicks on button that shows us the form to register, Juan clicks on button that shows us the form to register]]
[Test worker] WARN net.thucydides.core.steps.BaseStepListener - stepStarted: net.thucydides.core.steps.ExecutedStepDescription@ad4aecb
[Test worker] WARN net.thucydides.core.steps.BaseStepListener - stepFinished: current outcome:New user registration:Given Juan wants to register as a new user on the utes page [Juan open up [Juan opens the Utest page]], When he the registration form for new users
| name | lastName | emailAddress | month | day | year | city | postalCode | country | computer | version | language | mobileDevice | model | os | password | confirPassword |
| Juan | Perez | juanperez1008@gmail.com | April | 8 | 2001 | Barranquilla | 080011 | Albania | Windows | 10 | Spanish | Apple | iPhone 11 | iOS 14 | Molina0893 | Molina0893 | [Juan register [Juan clicks on button that shows us the form to register, Juan enters 'Juan' into where do we write the name, Juan enters 'Perez' into where do we write the lastname, Juan enters 'juanperez1008@gmail.com' into where do we write the email, Juan clicks on button that shows us the form to register, Juan clicks on button that shows us the form to register, Juan clicks on button that shows us the form to register, Juan clicks on where to next step, Juan enters 'Barranquilla' into where do we write the name, Juan enters '080011' into where do we write the name, Juan clicks on button that shows us the form to register, Juan clicks on button that shows us the form to register, Juan clicks on where to next step, Juan clicks on button that shows us the form to register, Juan clicks on button that shows us the form to register, Juan clicks on button that shows us the form to register]]
[Test worker] WARN net.thucydides.core.steps.BaseStepListener - stepStarted: net.thucydides.core.steps.ExecutedStepDescription@66b8dcc5
[Test worker] WARN net.thucydides.core.steps.BaseStepListener - stepFinished: current outcome:New user registration:Given Juan wants to register as a new user on the utes page [Juan open up [Juan opens the Utest page]], When he the registration form for new users
| name | lastName | emailAddress | month | day | year | city | postalCode | country | computer | version | language | mobileDevice | model | os | password | confirPassword |
| Juan | Perez | juanperez1008@gmail.com | April | 8 | 2001 | Barranquilla | 080011 | Albania | Windows | 10 | Spanish | Apple | iPhone 11 | iOS 14 | Molina0893 | Molina0893 | [Juan register [Juan clicks on button that shows us the form to register, Juan enters 'Juan' into where do we write the name, Juan enters 'Perez' into where do we write the lastname, Juan enters 'juanperez1008@gmail.com' into where do we write the email, Juan clicks on button that shows us the form to register, Juan clicks on button that shows us the form to register, Juan clicks on button that shows us the form to register, Juan clicks on where to next step, Juan enters 'Barranquilla' into where do we write the name, Juan enters '080011' into where do we write the name, Juan clicks on button that shows us the form to register, Juan clicks on button that shows us the form to register, Juan clicks on where to next step, Juan clicks on button that shows us the form to register, Juan clicks on button that shows us the form to register, Juan clicks on button that shows us the form to register, Juan clicks on button that shows us the form to register]]
[Test worker] WARN net.thucydides.core.steps.BaseStepListener - stepStarted: net.thucydides.core.steps.ExecutedStepDescription@438ca514
[Test worker] WARN net.thucydides.core.steps.BaseStepListener - stepFinished: current outcome:New user registration:Given Juan wants to register as a new user on the utes page [Juan open up [Juan opens the Utest page]], When he the registration form for new users
| name | lastName | emailAddress | month | day | year | city | postalCode | country | computer | version | language | mobileDevice | model | os | password | confirPassword |
| Juan | Perez | juanperez1008@gmail.com | April | 8 | 2001 | Barranquilla | 080011 | Albania | Windows | 10 | Spanish | Apple | iPhone 11 | iOS 14 | Molina0893 | Molina0893 | [Juan register [Juan clicks on button that shows us the form to register, Juan enters 'Juan' into where do we write the name, Juan enters 'Perez' into where do we write the lastname, Juan enters 'juanperez1008@gmail.com' into where do we write the email, Juan clicks on button that shows us the form to register, Juan clicks on button that shows us the form to register, Juan clicks on button that shows us the form to register, Juan clicks on where to next step, Juan enters 'Barranquilla' into where do we write the name, Juan enters '080011' into where do we write the name, Juan clicks on button that shows us the form to register, Juan clicks on button that shows us the form to register, Juan clicks on where to next step, Juan clicks on button that shows us the form to register, Juan clicks on button that shows us the form to register, Juan clicks on button that shows us the form to register, Juan clicks on button that shows us the form to register, Juan clicks on button that shows us the form to register]]
[Test worker] WARN net.thucydides.core.steps.BaseStepListener - stepStarted: net.thucydides.core.steps.ExecutedStepDescription@5d3d98c9
[Test worker] WARN net.thucydides.core.steps.BaseStepListener - stepFinished: current outcome:New user registration:Given Juan wants to register as a new user on the utes page [Juan open up [Juan opens the Utest page]], When he the registration form for new users
| name | lastName | emailAddress | month | day | year | city | postalCode | country | computer | version | language | mobileDevice | model | os | password | confirPassword |
| Juan | Perez | juanperez1008@gmail.com | April | 8 | 2001 | Barranquilla | 080011 | Albania | Windows | 10 | Spanish | Apple | iPhone 11 | iOS 14 | Molina0893 | Molina0893 | [Juan register [Juan clicks on button that shows us the form to register, Juan enters 'Juan' into where do we write the name, Juan enters 'Perez' into where do we write the lastname, Juan enters 'juanperez1008@gmail.com' into where do we write the email, Juan clicks on button that shows us the form to register, Juan clicks on button that shows us the form to register, Juan clicks on button that shows us the form to register, Juan clicks on where to next step, Juan enters 'Barranquilla' into where do we write the name, Juan enters '080011' into where do we write the name, Juan clicks on button that shows us the form to register, Juan clicks on button that shows us the form to register, Juan clicks on where to next step, Juan clicks on button that shows us the form to register, Juan clicks on button that shows us the form to register, Juan clicks on button that shows us the form to register, Juan clicks on button that shows us the form to register, Juan clicks on button that shows us the form to register, Juan clicks on button that shows us the form to register]]
[Test worker] WARN net.thucydides.core.steps.BaseStepListener - stepStarted: net.thucydides.core.steps.ExecutedStepDescription@212d8de5
[Test worker] WARN net.thucydides.core.steps.BaseStepListener - stepFinished: current outcome:New user registration:Given Juan wants to register as a new user on the utes page [Juan open up [Juan opens the Utest page]], When he the registration form for new users
| name | lastName | emailAddress | month | day | year | city | postalCode | country | computer | version | language | mobileDevice | model | os | password | confirPassword |
| Juan | Perez | juanperez1008@gmail.com | April | 8 | 2001 | Barranquilla | 080011 | Albania | Windows | 10 | Spanish | Apple | iPhone 11 | iOS 14 | Molina0893 | Molina0893 | [Juan register [Juan clicks on button that shows us the form to register, Juan enters 'Juan' into where do we write the name, Juan enters 'Perez' into where do we write the lastname, Juan enters 'juanperez1008@gmail.com' into where do we write the email, Juan clicks on button that shows us the form to register, Juan clicks on button that shows us the form to register, Juan clicks on button that shows us the form to register, Juan clicks on where to next step, Juan enters 'Barranquilla' into where do we write the name, Juan enters '080011' into where do we write the name, Juan clicks on button that shows us the form to register, Juan clicks on button that shows us the form to register, Juan clicks on where to next step, Juan clicks on button that shows us the form to register, Juan clicks on button that shows us the form to register, Juan clicks on button that shows us the form to register, Juan clicks on button that shows us the form to register, Juan clicks on button that shows us the form to register, Juan clicks on button that shows us the form to register, Juan clicks on button that shows us the form to register]]
[Test worker] WARN net.thucydides.core.steps.BaseStepListener - stepStarted: net.thucydides.core.steps.ExecutedStepDescription@327f271d
[Test worker] WARN net.thucydides.core.steps.BaseStepListener - stepFinished: current outcome:New user registration:Given Juan wants to register as a new user on the utes page [Juan open up [Juan opens the Utest page]], When he the registration form for new users
| name | lastName | emailAddress | month | day | year | city | postalCode | country | computer | version | language | mobileDevice | model | os | password | confirPassword |
| Juan | Perez | juanperez1008@gmail.com | April | 8 | 2001 | Barranquilla | 080011 | Albania | Windows | 10 | Spanish | Apple | iPhone 11 | iOS 14 | Molina0893 | Molina0893 | [Juan register [Juan clicks on button that shows us the form to register, Juan enters 'Juan' into where do we write the name, Juan enters 'Perez' into where do we write the lastname, Juan enters 'juanperez1008@gmail.com' into where do we write the email, Juan clicks on button that shows us the form to register, Juan clicks on button that shows us the form to register, Juan clicks on button that shows us the form to register, Juan clicks on where to next step, Juan enters 'Barranquilla' into where do we write the name, Juan enters '080011' into where do we write the name, Juan clicks on button that shows us the form to register, Juan clicks on button that shows us the form to register, Juan clicks on where to next step, Juan clicks on button that shows us the form to register, Juan clicks on button that shows us the form to register, Juan clicks on button that shows us the form to register, Juan clicks on button that shows us the form to register, Juan clicks on button that shows us the form to register, Juan clicks on button that shows us the form to register, Juan clicks on button that shows us the form to register, Juan clicks on button that shows us the form to register]]
[Test worker] WARN net.thucydides.core.steps.BaseStepListener - stepStarted: net.thucydides.core.steps.ExecutedStepDescription@3be7c91a
[Test worker] WARN net.thucydides.core.steps.BaseStepListener - stepFinished: current outcome:New user registration:Given Juan wants to register as a new user on the utes page [Juan open up [Juan opens the Utest page]], When he the registration form for new users
| name | lastName | emailAddress | month | day | year | city | postalCode | country | computer | version | language | mobileDevice | model | os | password | confirPassword |
| Juan | Perez | juanperez1008@gmail.com | April | 8 | 2001 | Barranquilla | 080011 | Albania | Windows | 10 | Spanish | Apple | iPhone 11 | iOS 14 | Molina0893 | Molina0893 | [Juan register [Juan clicks on button that shows us the form to register, Juan enters 'Juan' into where do we write the name, Juan enters 'Perez' into where do we write the lastname, Juan enters 'juanperez1008@gmail.com' into where do we write the email, Juan clicks on button that shows us the form to register, Juan clicks on button that shows us the form to register, Juan clicks on button that shows us the form to register, Juan clicks on where to next step, Juan enters 'Barranquilla' into where do we write the name, Juan enters '080011' into where do we write the name, Juan clicks on button that shows us the form to register, Juan clicks on button that shows us the form to register, Juan clicks on where to next step, Juan clicks on button that shows us the form to register, Juan clicks on button that shows us the form to register, Juan clicks on button that shows us the form to register, Juan clicks on button that shows us the form to register, Juan clicks on button that shows us the form to register, Juan clicks on button that shows us the form to register, Juan clicks on button that shows us the form to register, Juan clicks on button that shows us the form to register, Juan clicks on button that shows us the form to register]]
[Test worker] WARN net.thucydides.core.steps.BaseStepListener - stepStarted: net.thucydides.core.steps.ExecutedStepDescription@7850f60
[Test worker] WARN net.thucydides.core.steps.BaseStepListener - stepFinished: current outcome:New user registration:Given Juan wants to register as a new user on the utes page [Juan open up [Juan opens the Utest page]], When he the registration form for new users
| name | lastName | emailAddress | month | day | year | city | postalCode | country | computer | version | language | mobileDevice | model | os | password | confirPassword |
| Juan | Perez | juanperez1008@gmail.com | April | 8 | 2001 | Barranquilla | 080011 | Albania | Windows | 10 | Spanish | Apple | iPhone 11 | iOS 14 | Molina0893 | Molina0893 | [Juan register [Juan clicks on button that shows us the form to register, Juan enters 'Juan' into where do we write the name, Juan enters 'Perez' into where do we write the lastname, Juan enters 'juanperez1008@gmail.com' into where do we write the email, Juan clicks on button that shows us the form to register, Juan clicks on button that shows us the form to register, Juan clicks on button that shows us the form to register, Juan clicks on where to next step, Juan enters 'Barranquilla' into where do we write the name, Juan enters '080011' into where do we write the name, Juan clicks on button that shows us the form to register, Juan clicks on button that shows us the form to register, Juan clicks on where to next step, Juan clicks on button that shows us the form to register, Juan clicks on button that shows us the form to register, Juan clicks on button that shows us the form to register, Juan clicks on button that shows us the form to register, Juan clicks on button that shows us the form to register, Juan clicks on button that shows us the form to register, Juan clicks on button that shows us the form to register, Juan clicks on button that shows us the form to register, Juan clicks on button that shows us the form to register, Juan clicks on button that shows us the form to register]]
[Test worker] WARN net.thucydides.core.steps.BaseStepListener - stepStarted: net.thucydides.core.steps.ExecutedStepDescription@452fed3b
[Test worker] WARN net.thucydides.core.steps.BaseStepListener - stepFinished: current outcome:New user registration:Given Juan wants to register as a new user on the utes page [Juan open up [Juan opens the Utest page]], When he the registration form for new users
| name | lastName | emailAddress | month | day | year | city | postalCode | country | computer | version | language | mobileDevice | model | os | password | confirPassword |
| Juan | Perez | juanperez1008@gmail.com | April | 8 | 2001 | Barranquilla | 080011 | Albania | Windows | 10 | Spanish | Apple | iPhone 11 | iOS 14 | Molina0893 | Molina0893 | [Juan register [Juan clicks on button that shows us the form to register, Juan enters 'Juan' into where do we write the name, Juan enters 'Perez' into where do we write the lastname, Juan enters 'juanperez1008@gmail.com' into where do we write the email, Juan clicks on button that shows us the form to register, Juan clicks on button that shows us the form to register, Juan clicks on button that shows us the form to register, Juan clicks on where to next step, Juan enters 'Barranquilla' into where do we write the name, Juan enters '080011' into where do we write the name, Juan clicks on button that shows us the form to register, Juan clicks on button that shows us the form to register, Juan clicks on where to next step, Juan clicks on button that shows us the form to register, Juan clicks on button that shows us the form to register, Juan clicks on button that shows us the form to register, Juan clicks on button that shows us the form to register, Juan clicks on button that shows us the form to register, Juan clicks on button that shows us the form to register, Juan clicks on button that shows us the form to register, Juan clicks on button that shows us the form to register, Juan clicks on button that shows us the form to register, Juan clicks on button that shows us the form to register, Juan clicks on button that shows us the form to register]]
[Test worker] WARN net.thucydides.core.steps.BaseStepListener - stepStarted: net.thucydides.core.steps.ExecutedStepDescription@76ef4d9c
[Test worker] WARN net.thucydides.core.steps.BaseStepListener - stepFinished: current outcome:New user registration:Given Juan wants to register as a new user on the utes page [Juan open up [Juan opens the Utest page]], When he the registration form for new users
| name | lastName | emailAddress | month | day | year | city | postalCode | country | computer | version | language | mobileDevice | model | os | password | confirPassword |
| Juan | Perez | juanperez1008@gmail.com | April | 8 | 2001 | Barranquilla | 080011 | Albania | Windows | 10 | Spanish | Apple | iPhone 11 | iOS 14 | Molina0893 | Molina0893 | [Juan register [Juan clicks on button that shows us the form to register, Juan enters 'Juan' into where do we write the name, Juan enters 'Perez' into where do we write the lastname, Juan enters 'juanperez1008@gmail.com' into where do we write the email, Juan clicks on button that shows us the form to register, Juan clicks on button that shows us the form to register, Juan clicks on button that shows us the form to register, Juan clicks on where to next step, Juan enters 'Barranquilla' into where do we write the name, Juan enters '080011' into where do we write the name, Juan clicks on button that shows us the form to register, Juan clicks on button that shows us the form to register, Juan clicks on where to next step, Juan clicks on button that shows us the form to register, Juan clicks on button that shows us the form to register, Juan clicks on button that shows us the form to register, Juan clicks on button that shows us the form to register, Juan clicks on button that shows us the form to register, Juan clicks on button that shows us the form to register, Juan clicks on button that shows us the form to register, Juan clicks on button that shows us the form to register, Juan clicks on button that shows us the form to register, Juan clicks on button that shows us the form to register, Juan clicks on button that shows us the form to register, Juan clicks on button that shows us the form to register]]
[Test worker] WARN net.thucydides.core.steps.BaseStepListener - stepStarted: net.thucydides.core.steps.ExecutedStepDescription@330a20f4
[Test worker] WARN net.thucydides.core.steps.BaseStepListener - stepFinished: current outcome:New user registration:Given Juan wants to register as a new user on the utes page [Juan open up [Juan opens the Utest page]], When he the registration form for new users
| name | lastName | emailAddress | month | day | year | city | postalCode | country | computer | version | language | mobileDevice | model | os | password | confirPassword |
| Juan | Perez | juanperez1008@gmail.com | April | 8 | 2001 | Barranquilla | 080011 | Albania | Windows | 10 | Spanish | Apple | iPhone 11 | iOS 14 | Molina0893 | Molina0893 | [Juan register [Juan clicks on button that shows us the form to register, Juan enters 'Juan' into where do we write the name, Juan enters 'Perez' into where do we write the lastname, Juan enters 'juanperez1008@gmail.com' into where do we write the email, Juan clicks on button that shows us the form to register, Juan clicks on button that shows us the form to register, Juan clicks on button that shows us the form to register, Juan clicks on where to next step, Juan enters 'Barranquilla' into where do we write the name, Juan enters '080011' into where do we write the name, Juan clicks on button that shows us the form to register, Juan clicks on button that shows us the form to register, Juan clicks on where to next step, Juan clicks on button that shows us the form to register, Juan clicks on button that shows us the form to register, Juan clicks on button that shows us the form to register, Juan clicks on button that shows us the form to register, Juan clicks on button that shows us the form to register, Juan clicks on button that shows us the form to register, Juan clicks on button that shows us the form to register, Juan clicks on button that shows us the form to register, Juan clicks on button that shows us the form to register, Juan clicks on button that shows us the form to register, Juan clicks on button that shows us the form to register, Juan clicks on button that shows us the form to register, Juan clicks on where to next step]]
[Test worker] WARN net.thucydides.core.steps.BaseStepListener - stepStarted: net.thucydides.core.steps.ExecutedStepDescription@1aea0047
[Test worker] WARN net.thucydides.core.steps.BaseStepListener - stepFinished: current outcome:New user registration:Given Juan wants to register as a new user on the utes page [Juan open up [Juan opens the Utest page]], When he the registration form for new users
| name | lastName | emailAddress | month | day | year | city | postalCode | country | computer | version | language | mobileDevice | model | os | password | confirPassword |
| Juan | Perez | juanperez1008@gmail.com | April | 8 | 2001 | Barranquilla | 080011 | Albania | Windows | 10 | Spanish | Apple | iPhone 11 | iOS 14 | Molina0893 | Molina0893 | [Juan register [Juan clicks on button that shows us the form to register, Juan enters 'Juan' into where do we write the name, Juan enters 'Perez' into where do we write the lastname, Juan enters 'juanperez1008@gmail.com' into where do we write the email, Juan clicks on button that shows us the form to register, Juan clicks on button that shows us the form to register, Juan clicks on button that shows us the form to register, Juan clicks on where to next step, Juan enters 'Barranquilla' into where do we write the name, Juan enters '080011' into where do we write the name, Juan clicks on button that shows us the form to register, Juan clicks on button that shows us the form to register, Juan clicks on where to next step, Juan clicks on button that shows us the form to register, Juan clicks on button that shows us the form to register, Juan clicks on button that shows us the form to register, Juan clicks on button that shows us the form to register, Juan clicks on button that shows us the form to register, Juan clicks on button that shows us the form to register, Juan clicks on button that shows us the form to register, Juan clicks on button that shows us the form to register, Juan clicks on button that shows us the form to register, Juan clicks on button that shows us the form to register, Juan clicks on button that shows us the form to register, Juan clicks on button that shows us the form to register, Juan clicks on where to next step, Juan enters 'Molina0893' into where do we write the name]]
[Test worker] WARN net.thucydides.core.steps.BaseStepListener - stepStarted: net.thucydides.core.steps.ExecutedStepDescription@9bfbb0f
[Test worker] WARN net.thucydides.core.steps.BaseStepListener - stepFinished: current outcome:New user registration:Given Juan wants to register as a new user on the utes page [Juan open up [Juan opens the Utest page]], When he the registration form for new users
| name | lastName | emailAddress | month | day | year | city | postalCode | country | computer | version | language | mobileDevice | model | os | password | confirPassword |
| Juan | Perez | juanperez1008@gmail.com | April | 8 | 2001 | Barranquilla | 080011 | Albania | Windows | 10 | Spanish | Apple | iPhone 11 | iOS 14 | Molina0893 | Molina0893 | [Juan register [Juan clicks on button that shows us the form to register, Juan enters 'Juan' into where do we write the name, Juan enters 'Perez' into where do we write the lastname, Juan enters 'juanperez1008@gmail.com' into where do we write the email, Juan clicks on button that shows us the form to register, Juan clicks on button that shows us the form to register, Juan clicks on button that shows us the form to register, Juan clicks on where to next step, Juan enters 'Barranquilla' into where do we write the name, Juan enters '080011' into where do we write the name, Juan clicks on button that shows us the form to register, Juan clicks on button that shows us the form to register, Juan clicks on where to next step, Juan clicks on button that shows us the form to register, Juan clicks on button that shows us the form to register, Juan clicks on button that shows us the form to register, Juan clicks on button that shows us the form to register, Juan clicks on button that shows us the form to register, Juan clicks on button that shows us the form to register, Juan clicks on button that shows us the form to register, Juan clicks on button that shows us the form to register, Juan clicks on button that shows us the form to register, Juan clicks on button that shows us the form to register, Juan clicks on button that shows us the form to register, Juan clicks on button that shows us the form to register, Juan clicks on where to next step, Juan enters 'Molina0893' into where do we write the name, Juan enters 'Molina0893' into where do we write the name]]
[Test worker] WARN net.thucydides.core.steps.BaseStepListener - stepStarted: net.thucydides.core.steps.ExecutedStepDescription@7a2e4e07
[Test worker] WARN net.thucydides.core.steps.BaseStepListener - stepFinished: current outcome:New user registration:Given Juan wants to register as a new user on the utes page [Juan open up [Juan opens the Utest page]], When he the registration form for new users
| name | lastName | emailAddress | month | day | year | city | postalCode | country | computer | version | language | mobileDevice | model | os | password | confirPassword |
| Juan | Perez | juanperez1008@gmail.com | April | 8 | 2001 | Barranquilla | 080011 | Albania | Windows | 10 | Spanish | Apple | iPhone 11 | iOS 14 | Molina0893 | Molina0893 | [Juan register [Juan clicks on button that shows us the form to register, Juan enters 'Juan' into where do we write the name, Juan enters 'Perez' into where do we write the lastname, Juan enters 'juanperez1008@gmail.com' into where do we write the email, Juan clicks on button that shows us the form to register, Juan clicks on button that shows us the form to register, Juan clicks on button that shows us the form to register, Juan clicks on where to next step, Juan enters 'Barranquilla' into where do we write the name, Juan enters '080011' into where do we write the name, Juan clicks on button that shows us the form to register, Juan clicks on button that shows us the form to register, Juan clicks on where to next step, Juan clicks on button that shows us the form to register, Juan clicks on button that shows us the form to register, Juan clicks on button that shows us the form to register, Juan clicks on button that shows us the form to register, Juan clicks on button that shows us the form to register, Juan clicks on button that shows us the form to register, Juan clicks on button that shows us the form to register, Juan clicks on button that shows us the form to register, Juan clicks on button that shows us the form to register, Juan clicks on button that shows us the form to register, Juan clicks on button that shows us the form to register, Juan clicks on button that shows us the form to register, Juan clicks on where to next step, Juan enters 'Molina0893' into where do we write the name, Juan enters 'Molina0893' into where do we write the name, Juan clicks on button that shows us the form to register]]
[Test worker] WARN net.thucydides.core.steps.BaseStepListener - stepStarted: net.thucydides.core.steps.ExecutedStepDescription@56bd367c
[Test worker] WARN net.thucydides.core.steps.BaseStepListener - stepFinished: current outcome:New user registration:Given Juan wants to register as a new user on the utes page [Juan open up [Juan opens the Utest page]], When he the registration form for new users
| name | lastName | emailAddress | month | day | year | city | postalCode | country | computer | version | language | mobileDevice | model | os | password | confirPassword |
| Juan | Perez | juanperez1008@gmail.com | April | 8 | 2001 | Barranquilla | 080011 | Albania | Windows | 10 | Spanish | Apple | iPhone 11 | iOS 14 | Molina0893 | Molina0893 | [Juan register [Juan clicks on button that shows us the form to register, Juan enters 'Juan' into where do we write the name, Juan enters 'Perez' into where do we write the lastname, Juan enters 'juanperez1008@gmail.com' into where do we write the email, Juan clicks on button that shows us the form to register, Juan clicks on button that shows us the form to register, Juan clicks on button that shows us the form to register, Juan clicks on where to next step, Juan enters 'Barranquilla' into where do we write the name, Juan enters '080011' into where do we write the name, Juan clicks on button that shows us the form to register, Juan clicks on button that shows us the form to register, Juan clicks on where to next step, Juan clicks on button that shows us the form to register, Juan clicks on button that shows us the form to register, Juan clicks on button that shows us the form to register, Juan clicks on button that shows us the form to register, Juan clicks on button that shows us the form to register, Juan clicks on button that shows us the form to register, Juan clicks on button that shows us the form to register, Juan clicks on button that shows us the form to register, Juan clicks on button that shows us the form to register, Juan clicks on button that shows us the form to register, Juan clicks on button that shows us the form to register, Juan clicks on button that shows us the form to register, Juan clicks on where to next step, Juan enters 'Molina0893' into where do we write the name, Juan enters 'Molina0893' into where do we write the name, Juan clicks on button that shows us the form to register, Juan clicks on button that shows us the form to register]]
[Test worker] WARN net.thucydides.core.steps.BaseStepListener - stepStarted: net.thucydides.core.steps.ExecutedStepDescription@5a2faae9
[Test worker] WARN net.thucydides.core.steps.BaseStepListener - stepFinished: current outcome:New user registration:Given Juan wants to register as a new user on the utes page [Juan open up [Juan opens the Utest page]], When he the registration form for new users
| name | lastName | emailAddress | month | day | year | city | postalCode | country | computer | version | language | mobileDevice | model | os | password | confirPassword |
| Juan | Perez | juanperez1008@gmail.com | April | 8 | 2001 | Barranquilla | 080011 | Albania | Windows | 10 | Spanish | Apple | iPhone 11 | iOS 14 | Molina0893 | Molina0893 | [Juan register [Juan clicks on button that shows us the form to register, Juan enters 'Juan' into where do we write the name, Juan enters 'Perez' into where do we write the lastname, Juan enters 'juanperez1008@gmail.com' into where do we write the email, Juan clicks on button that shows us the form to register, Juan clicks on button that shows us the form to register, Juan clicks on button that shows us the form to register, Juan clicks on where to next step, Juan enters 'Barranquilla' into where do we write the name, Juan enters '080011' into where do we write the name, Juan clicks on button that shows us the form to register, Juan clicks on button that shows us the form to register, Juan clicks on where to next step, Juan clicks on button that shows us the form to register, Juan clicks on button that shows us the form to register, Juan clicks on button that shows us the form to register, Juan clicks on button that shows us the form to register, Juan clicks on button that shows us the form to register, Juan clicks on button that shows us the form to register, Juan clicks on button that shows us the form to register, Juan clicks on button that shows us the form to register, Juan clicks on button that shows us the form to register, Juan clicks on button that shows us the form to register, Juan clicks on button that shows us the form to register, Juan clicks on button that shows us the form to register, Juan clicks on where to next step, Juan enters 'Molina0893' into where do we write the name, Juan enters 'Molina0893' into where do we write the name, Juan clicks on button that shows us the form to register, Juan clicks on button that shows us the form to register, Juan clicks on where to next step]]
[Test worker] WARN net.thucydides.core.steps.BaseStepListener - stepFinished: current outcome:New user registration:Given Juan wants to register as a new user on the utes page [Juan open up [Juan opens the Utest page]], When he the registration form for new users
| name | lastName | emailAddress | month | day | year | city | postalCode | country | computer | version | language | mobileDevice | model | os | password | confirPassword |
| Juan | Perez | juanperez1008@gmail.com | April | 8 | 2001 | Barranquilla | 080011 | Albania | Windows | 10 | Spanish | Apple | iPhone 11 | iOS 14 | Molina0893 | Molina0893 | [Juan register [Juan clicks on button that shows us the form to register, Juan enters 'Juan' into where do we write the name, Juan enters 'Perez' into where do we write the lastname, Juan enters 'juanperez1008@gmail.com' into where do we write the email, Juan clicks on button that shows us the form to register, Juan clicks on button that shows us the form to register, Juan clicks on button that shows us the form to register, Juan clicks on where to next step, Juan enters 'Barranquilla' into where do we write the name, Juan enters '080011' into where do we write the name, Juan clicks on button that shows us the form to register, Juan clicks on button that shows us the form to register, Juan clicks on where to next step, Juan clicks on button that shows us the form to register, Juan clicks on button that shows us the form to register, Juan clicks on button that shows us the form to register, Juan clicks on button that shows us the form to register, Juan clicks on button that shows us the form to register, Juan clicks on button that shows us the form to register, Juan clicks on button that shows us the form to register, Juan clicks on button that shows us the form to register, Juan clicks on button that shows us the form to register, Juan clicks on button that shows us the form to register, Juan clicks on button that shows us the form to register, Juan clicks on button that shows us the form to register, Juan clicks on where to next step, Juan enters 'Molina0893' into where do we write the name, Juan enters 'Molina0893' into where do we write the name, Juan clicks on button that shows us the form to register, Juan clicks on button that shows us the form to register, Juan clicks on where to next step]]
[Test worker] WARN net.thucydides.core.steps.BaseStepListener - stepFinished: current outcome:New user registration:Given Juan wants to register as a new user on the utes page [Juan open up [Juan opens the Utest page]], When he the registration form for new users
| name | lastName | emailAddress | month | day | year | city | postalCode | country | computer | version | language | mobileDevice | model | os | password | confirPassword |
| Juan | Perez | juanperez1008@gmail.com | April | 8 | 2001 | Barranquilla | 080011 | Albania | Windows | 10 | Spanish | Apple | iPhone 11 | iOS 14 | Molina0893 | Molina0893 | [Juan register [Juan clicks on button that shows us the form to register, Juan enters 'Juan' into where do we write the name, Juan enters 'Perez' into where do we write the lastname, Juan enters 'juanperez1008@gmail.com' into where do we write the email, Juan clicks on button that shows us the form to register, Juan clicks on button that shows us the form to register, Juan clicks on button that shows us the form to register, Juan clicks on where to next step, Juan enters 'Barranquilla' into where do we write the name, Juan enters '080011' into where do we write the name, Juan clicks on button that shows us the form to register, Juan clicks on button that shows us the form to register, Juan clicks on where to next step, Juan clicks on button that shows us the form to register, Juan clicks on button that shows us the form to register, Juan clicks on button that shows us the form to register, Juan clicks on button that shows us the form to register, Juan clicks on button that shows us the form to register, Juan clicks on button that shows us the form to register, Juan clicks on button that shows us the form to register, Juan clicks on button that shows us the form to register, Juan clicks on button that shows us the form to register, Juan clicks on button that shows us the form to register, Juan clicks on button that shows us the form to register, Juan clicks on button that shows us the form to register, Juan clicks on where to next step, Juan enters 'Molina0893' into where do we write the name, Juan enters 'Molina0893' into where do we write the name, Juan clicks on button that shows us the form to register, Juan clicks on button that shows us the form to register, Juan clicks on where to next step]]
[Test worker] WARN net.thucydides.core.steps.BaseStepListener - stepStarted: net.thucydides.core.steps.ExecutedStepDescription@21f1ed47
[Test worker] WARN net.thucydides.core.steps.BaseStepListener - stepFinished: current outcome:New user registration:Given Juan wants to register as a new user on the utes page [Juan open up [Juan opens the Utest page]], When he the registration form for new users
| name | lastName | emailAddress | month | day | year | city | postalCode | country | computer | version | language | mobileDevice | model | os | password | confirPassword |
| Juan | Perez | juanperez1008@gmail.com | April | 8 | 2001 | Barranquilla | 080011 | Albania | Windows | 10 | Spanish | Apple | iPhone 11 | iOS 14 | Molina0893 | Molina0893 | [Juan register [Juan clicks on button that shows us the form to register, Juan enters 'Juan' into where do we write the name, Juan enters 'Perez' into where do we write the lastname, Juan enters 'juanperez1008@gmail.com' into where do we write the email, Juan clicks on button that shows us the form to register, Juan clicks on button that shows us the form to register, Juan clicks on button that shows us the form to register, Juan clicks on where to next step, Juan enters 'Barranquilla' into where do we write the name, Juan enters '080011' into where do we write the name, Juan clicks on button that shows us the form to register, Juan clicks on button that shows us the form to register, Juan clicks on where to next step, Juan clicks on button that shows us the form to register, Juan clicks on button that shows us the form to register, Juan clicks on button that shows us the form to register, Juan clicks on button that shows us the form to register, Juan clicks on button that shows us the form to register, Juan clicks on button that shows us the form to register, Juan clicks on button that shows us the form to register, Juan clicks on button that shows us the form to register, Juan clicks on button that shows us the form to register, Juan clicks on button that shows us the form to register, Juan clicks on button that shows us the form to register, Juan clicks on button that shows us the form to register, Juan clicks on where to next step, Juan enters 'Molina0893' into where do we write the name, Juan enters 'Molina0893' into where do we write the name, Juan clicks on button that shows us the form to register, Juan clicks on button that shows us the form to register, Juan clicks on where to next step]], Then he complete the registration of new user
[Test worker] WARN net.thucydides.core.steps.BaseStepListener - testFinished: New user registration:Given Juan wants to register as a new user on the utes page [Juan open up [Juan opens the Utest page]], When he the registration form for new users
| name | lastName | emailAddress | month | day | year | city | postalCode | country | computer | version | language | mobileDevice | model | os | password | confirPassword |
| Juan | Perez | juanperez1008@gmail.com | April | 8 | 2001 | Barranquilla | 080011 | Albania | Windows | 10 | Spanish | Apple | iPhone 11 | iOS 14 | Molina0893 | Molina0893 | [Juan register [Juan clicks on button that shows us the form to register, Juan enters 'Juan' into where do we write the name, Juan enters 'Perez' into where do we write the lastname, Juan enters 'juanperez1008@gmail.com' into where do we write the email, Juan clicks on button that shows us the form to register, Juan clicks on button that shows us the form to register, Juan clicks on button that shows us the form to register, Juan clicks on where to next step, Juan enters 'Barranquilla' into where do we write the name, Juan enters '080011' into where do we write the name, Juan clicks on button that shows us the form to register, Juan clicks on button that shows us the form to register, Juan clicks on where to next step, Juan clicks on button that shows us the form to register, Juan clicks on button that shows us the form to register, Juan clicks on button that shows us the form to register, Juan clicks on button that shows us the form to register, Juan clicks on button that shows us the form to register, Juan clicks on button that shows us the form to register, Juan clicks on button that shows us the form to register, Juan clicks on button that shows us the form to register, Juan clicks on button that shows us the form to register, Juan clicks on button that shows us the form to register, Juan clicks on button that shows us the form to register, Juan clicks on button that shows us the form to register, Juan clicks on where to next step, Juan enters 'Molina0893' into where do we write the name, Juan enters 'Molina0893' into where do we write the name, Juan clicks on button that shows us the form to register, Juan clicks on button that shows us the form to register, Juan clicks on where to next step]], Then he complete the registration of new user
[Test worker] WARN net.thucydides.core.steps.BaseStepListener - TestOutcomes: [New user registration:Given Juan wants to register as a new user on the utes page [Juan open up [Juan opens the Utest page]], When he the registration form for new users
| name | lastName | emailAddress | month | day | year | city | postalCode | country | computer | version | language | mobileDevice | model | os | password | confirPassword |
| Juan | Perez | juanperez1008@gmail.com | April | 8 | 2001 | Barranquilla | 080011 | Albania | Windows | 10 | Spanish | Apple | iPhone 11 | iOS 14 | Molina0893 | Molina0893 | [Juan register [Juan clicks on button that shows us the form to register, Juan enters 'Juan' into where do we write the name, Juan enters 'Perez' into where do we write the lastname, Juan enters 'juanperez1008@gmail.com' into where do we write the email, Juan clicks on button that shows us the form to register, Juan clicks on button that shows us the form to register, Juan clicks on button that shows us the form to register, Juan clicks on where to next step, Juan enters 'Barranquilla' into where do we write the name, Juan enters '080011' into where do we write the name, Juan clicks on button that shows us the form to register, Juan clicks on button that shows us the form to register, Juan clicks on where to next step, Juan clicks on button that shows us the form to register, Juan clicks on button that shows us the form to register, Juan clicks on button that shows us the form to register, Juan clicks on button that shows us the form to register, Juan clicks on button that shows us the form to register, Juan clicks on button that shows us the form to register, Juan clicks on button that shows us the form to register, Juan clicks on button that shows us the form to register, Juan clicks on button that shows us the form to register, Juan clicks on button that shows us the form to register, Juan clicks on button that shows us the form to register, Juan clicks on button that shows us the form to register, Juan clicks on where to next step, Juan enters 'Molina0893' into where do we write the name, Juan enters 'Molina0893' into where do we write the name, Juan clicks on button that shows us the form to register, Juan clicks on button that shows us the form to register, Juan clicks on where to next step]], Then he complete the registration of new user]
[Test worker] WARN net.thucydides.core.steps.BaseStepListener - Final testOutcomes: [New user registration:Given Juan wants to register as a new user on the utes page [Juan open up [Juan opens the Utest page]], When he the registration form for new users
| name | lastName | emailAddress | month | day | year | city | postalCode | country | computer | version | language | mobileDevice | model | os | password | confirPassword |
| Juan | Perez | juanperez1008@gmail.com | April | 8 | 2001 | Barranquilla | 080011 | Albania | Windows | 10 | Spanish | Apple | iPhone 11 | iOS 14 | Molina0893 | Molina0893 | [Juan register [Juan clicks on button that shows us the form to register, Juan enters 'Juan' into where do we write the name, Juan enters 'Perez' into where do we write the lastname, Juan enters 'juanperez1008@gmail.com' into where do we write the email, Juan clicks on button that shows us the form to register, Juan clicks on button that shows us the form to register, Juan clicks on button that shows us the form to register, Juan clicks on where to next step, Juan enters 'Barranquilla' into where do we write the name, Juan enters '080011' into where do we write the name, Juan clicks on button that shows us the form to register, Juan clicks on button that shows us the form to register, Juan clicks on where to next step, Juan clicks on button that shows us the form to register, Juan clicks on button that shows us the form to register, Juan clicks on button that shows us the form to register, Juan clicks on button that shows us the form to register, Juan clicks on button that shows us the form to register, Juan clicks on button that shows us the form to register, Juan clicks on button that shows us the form to register, Juan clicks on button that shows us the form to register, Juan clicks on button that shows us the form to register, Juan clicks on button that shows us the form to register, Juan clicks on button that shows us the form to register, Juan clicks on button that shows us the form to register, Juan clicks on where to next step, Juan enters 'Molina0893' into where do we write the name, Juan enters 'Molina0893' into where do we write the name, Juan clicks on button that shows us the form to register, Juan clicks on button that shows us the form to register, Juan clicks on where to next step]], Then he complete the registration of new user]
[Test worker] INFO net.thucydides.core.steps.ConsoleLoggingListener - 
        __    _____ _____ ____ _____   ____   _    ____  ____  _____ ____  
  _     \ \  |_   _| ____/ ___|_   _| |  _ \ / \  / ___|/ ___|| ____|  _ \ 
 (_)_____| |   | | |  _| \___ \ | |   | |_) / _ \ \___ \\___ \|  _| | | | |
  _|_____| |   | | | |___ ___) || |   |  __/ ___ \ ___) |___) | |___| |_| |
 (_)     | |   |_| |_____|____/ |_|   |_| /_/   \_\____/|____/|_____|____/ 
        /_/                                                                

TEST PASSED: New user registration
----------------------------------------------------------------------------
]]></system-err>
</testsuite>
